Tech:
1. gradle
2. annotation parsing
3. groovy singleton: @Singleton
4. EL exp
5. CopyOnWriteArrayList
6. ConcurrentMap
7. jsr269
8. ClassLoader.loadClass vs Class.forName
9. GroovyASTTransformation
10.google.common.cache - script loading cache ?
11.ConfigSlurper
12.包内可见
13.ThreadLocal
14.@delegate
15.* args
16.this.class.at?.clone()
17.resolveStrategy
18.args*.toString().join('/')
19.XXXSupport
20.StringWriter, StringBuffer
21.ConfigObject
22.@Target(TYPE)
*23.res url: relative or absolute?
24.URL patterns:
   1)/a/b/c
   2)/a-b-c
   3)/a+b+c

Finished:
1. commons-discovery
2. how to load *.ftl from *.jar
3. @Retention
4. @Documented
5. how to render html with css and js?
